# JRE version: OpenJDK Runtime Environment Temurin-21.0.9+10 (21.0.9+10) (build 21.0.9+10-LTS)
# Java VM: OpenJDK 64-Bit Server VM Temurin-21.0.9+10 (21.0.9+10-LTS, mixed mode, sharing, tiered, compressed oops, compressed class ptrs, parallel gc, windows-amd64)
GC Precious Log:
 CardTable entry size: 512
 CPUs: 12 total, 12 available
 Memory: 31801M
 Large Page Support: Disabled
 NUMA Support: Disabled
 Compressed Oops: Enabled (32-bit)
 Alignments: Space 512K, Generation 512K, Heap 2M
 Heap Min Capacity: 100M
 Heap Initial Capacity: 100M
 Heap Max Capacity: 2G
 Pre-touch: Disabled
 Parallel Workers: 10
Heap:
 PSYoungGen      total 4608K, used 2899K [0x00000000d5580000, 0x00000000d5b00000, 0x0000000100000000)
  eden space 4096K, 60% used [0x00000000d5580000,0x00000000d57ecef0,0x00000000d5980000)
  from space 512K, 81% used [0x00000000d5a80000,0x00000000d5ae8000,0x00000000d5b00000)
  to   space 512K, 0% used [0x00000000d5a00000,0x00000000d5a00000,0x00000000d5a80000)
 ParOldGen       total 1044480K, used 1043995K [0x0000000080000000, 0x00000000bfc00000, 0x00000000d5580000)
  object space 1044480K, 99% used [0x0000000080000000,0x00000000bfb86eb0,0x00000000bfc00000)
 Metaspace       used 86331K, committed 87872K, reserved 1179648K
  class space    used 8563K, committed 9280K, reserved 1048576K
GC Heap History (20 events):
Event: 1130682.990 GC heap before
{Heap before GC invocations=4937 (full 9):
 PSYoungGen      total 3584K, used 3576K [0x00000000d5580000, 0x00000000d6680000, 0x0000000100000000)
  eden space 1024K, 100% used [0x00000000d5580000,0x00000000d5680000,0x00000000d5680000)
  from space 2560K, 99% used [0x00000000d5d00000,0x00000000d5f7e2f0,0x00000000d5f80000)
  to   space 6656K, 0% used [0x00000000d5680000,0x00000000d5680000,0x00000000d5d00000)
 ParOldGen       total 1033216K, used 1032888K [0x0000000080000000, 0x00000000bf100000, 0x00000000d5580000)
  object space 1033216K, 99% used [0x0000000080000000,0x00000000bf0ae2e8,0x00000000bf100000)
 Metaspace       used 86326K, committed 87872K, reserved 1179648K
  class space    used 8563K, committed 9280K, reserved 1048576K
}
Event: 1130682.993 GC heap after
{Heap after GC invocations=4937 (full 9):
 PSYoungGen      total 2560K, used 1088K [0x00000000d5580000, 0x00000000d5d80000, 0x0000000100000000)
  eden space 1024K, 0% used [0x00000000d5580000,0x00000000d5580000,0x00000000d5680000)
  from space 1536K, 70% used [0x00000000d5680000,0x00000000d5790000,0x00000000d5800000)
  to   space 3072K, 0% used [0x00000000d5a80000,0x00000000d5a80000,0x00000000d5d80000)
 ParOldGen       total 1035776K, used 1035449K [0x0000000080000000, 0x00000000bf380000, 0x00000000d5580000)
  object space 1035776K, 99% used [0x0000000080000000,0x00000000bf32e5f8,0x00000000bf380000)
 Metaspace       used 86326K, committed 87872K, reserved 1179648K
  class space    used 8563K, committed 9280K, reserved 1048576K
}
Event: 1130682.994 GC heap before
{Heap before GC invocations=4938 (full 9):
 PSYoungGen      total 2560K, used 2112K [0x00000000d5580000, 0x00000000d5d80000, 0x0000000100000000)
  eden space 1024K, 100% used [0x00000000d5580000,0x00000000d5680000,0x00000000d5680000)
  from space 1536K, 70% used [0x00000000d5680000,0x00000000d5790000,0x00000000d5800000)
  to   space 3072K, 0% used [0x00000000d5a80000,0x00000000d5a80000,0x00000000d5d80000)
 ParOldGen       total 1035776K, used 1035449K [0x0000000080000000, 0x00000000bf380000, 0x00000000d5580000)
  object space 1035776K, 99% used [0x0000000080000000,0x00000000bf32e5f8,0x00000000bf380000)
 Metaspace       used 86326K, committed 87872K, reserved 1179648K
  class space    used 8563K, committed 9280K, reserved 1048576K
}
Event: 1130682.996 GC heap after
{Heap after GC invocations=4938 (full 9):
 PSYoungGen      total 3072K, used 1088K [0x00000000d5580000, 0x00000000d5c00000, 0x0000000100000000)
  eden space 1536K, 0% used [0x00000000d5580000,0x00000000d5580000,0x00000000d5700000)
  from space 1536K, 70% used [0x00000000d5a80000,0x00000000d5b90000,0x00000000d5c00000)
  to   space 1536K, 0% used [0x00000000d5900000,0x00000000d5900000,0x00000000d5a80000)
 ParOldGen       total 1036800K, used 1036457K [0x0000000080000000, 0x00000000bf480000, 0x00000000d5580000)
  object space 1036800K, 99% used [0x0000000080000000,0x00000000bf42a5f8,0x00000000bf480000)
 Metaspace       used 86326K, committed 87872K, reserved 1179648K
  class space    used 8563K, committed 9280K, reserved 1048576K
}
Event: 1130682.997 GC heap before
{Heap before GC invocations=4939 (full 9):
 PSYoungGen      total 3072K, used 2624K [0x00000000d5580000, 0x00000000d5c00000, 0x0000000100000000)
  eden space 1536K, 100% used [0x00000000d5580000,0x00000000d5700000,0x00000000d5700000)
  from space 1536K, 70% used [0x00000000d5a80000,0x00000000d5b90000,0x00000000d5c00000)
  to   space 1536K, 0% used [0x00000000d5900000,0x00000000d5900000,0x00000000d5a80000)
 ParOldGen       total 1036800K, used 1036457K [0x0000000080000000, 0x00000000bf480000, 0x00000000d5580000)
  object space 1036800K, 99% used [0x0000000080000000,0x00000000bf42a5f8,0x00000000bf480000)
 Metaspace       used 86326K, committed 87872K, reserved 1179648K
  class space    used 8563K, committed 9280K, reserved 1048576K
}
Event: 1130683.000 GC heap after
{Heap after GC invocations=4939 (full 9):
 PSYoungGen      total 3584K, used 1536K [0x00000000d5580000, 0x00000000d5b80000, 0x0000000100000000)
  eden space 2048K, 0% used [0x00000000d5580000,0x00000000d5580000,0x00000000d5780000)
  from space 1536K, 100% used [0x00000000d5900000,0x00000000d5a80000,0x00000000d5a80000)
  to   space 1024K, 0% used [0x00000000d5a80000,0x00000000d5a80000,0x00000000d5b80000)
 ParOldGen       total 1037824K, used 1037393K [0x0000000080000000, 0x00000000bf580000, 0x00000000d5580000)
  object space 1037824K, 99% used [0x0000000080000000,0x00000000bf5145f8,0x00000000bf580000)
 Metaspace       used 86326K, committed 87872K, reserved 1179648K
  class space    used 8563K, committed 9280K, reserved 1048576K
}
Event: 1130683.002 GC heap before
{Heap before GC invocations=4940 (full 9):
 PSYoungGen      total 3584K, used 3584K [0x00000000d5580000, 0x00000000d5b80000, 0x0000000100000000)
  eden space 2048K, 100% used [0x00000000d5580000,0x00000000d5780000,0x00000000d5780000)
  from space 1536K, 100% used [0x00000000d5900000,0x00000000d5a80000,0x00000000d5a80000)
  to   space 1024K, 0% used [0x00000000d5a80000,0x00000000d5a80000,0x00000000d5b80000)
 ParOldGen       total 1037824K, used 1037393K [0x0000000080000000, 0x00000000bf580000, 0x00000000d5580000)
  object space 1037824K, 99% used [0x0000000080000000,0x00000000bf5145f8,0x00000000bf580000)
 Metaspace       used 86326K, committed 87872K, reserved 1179648K
  class space    used 8563K, committed 9280K, reserved 1048576K
}
Event: 1130683.005 GC heap after
{Heap after GC invocations=4940 (full 9):
 PSYoungGen      total 2560K, used 1024K [0x00000000d5580000, 0x00000000d5f00000, 0x0000000100000000)
  eden space 1536K, 0% used [0x00000000d5580000,0x00000000d5580000,0x00000000d5700000)
  from space 1024K, 100% used [0x00000000d5a80000,0x00000000d5b80000,0x00000000d5b80000)
  to   space 3584K, 0% used [0x00000000d5700000,0x00000000d5700000,0x00000000d5a80000)
 ParOldGen       total 1039872K, used 1039393K [0x0000000080000000, 0x00000000bf780000, 0x00000000d5580000)
  object space 1039872K, 99% used [0x0000000080000000,0x00000000bf7085f8,0x00000000bf780000)
 Metaspace       used 86326K, committed 87872K, reserved 1179648K
  class space    used 8563K, committed 9280K, reserved 1048576K
}
Event: 1130683.008 GC heap before
{Heap before GC invocations=4941 (full 9):
 PSYoungGen      total 2560K, used 2560K [0x00000000d5580000, 0x00000000d5f00000, 0x0000000100000000)
  eden space 1536K, 100% used [0x00000000d5580000,0x00000000d5700000,0x00000000d5700000)
  from space 1024K, 100% used [0x00000000d5a80000,0x00000000d5b80000,0x00000000d5b80000)
  to   space 3584K, 0% used [0x00000000d5700000,0x00000000d5700000,0x00000000d5a80000)
 ParOldGen       total 1039872K, used 1039393K [0x0000000080000000, 0x00000000bf780000, 0x00000000d5580000)
  object space 1039872K, 99% used [0x0000000080000000,0x00000000bf7085f8,0x00000000bf780000)
 Metaspace       used 86326K, committed 87872K, reserved 1179648K
  class space    used 8563K, committed 9280K, reserved 1048576K
}
Event: 1130683.010 GC heap after
{Heap after GC invocations=4941 (full 9):
 PSYoungGen      total 3072K, used 1144K [0x00000000d5580000, 0x00000000d5b80000, 0x0000000100000000)
  eden space 1536K, 0% used [0x00000000d5580000,0x00000000d5580000,0x00000000d5700000)
  from space 1536K, 74% used [0x00000000d5700000,0x00000000d581e000,0x00000000d5880000)
  to   space 2048K, 0% used [0x00000000d5980000,0x00000000d5980000,0x00000000d5b80000)
 ParOldGen       total 1040896K, used 1040457K [0x0000000080000000, 0x00000000bf880000, 0x00000000d5580000)
  object space 1040896K, 99% used [0x0000000080000000,0x00000000bf8125f8,0x00000000bf880000)
 Metaspace       used 86326K, committed 87872K, reserved 1179648K
  class space    used 8563K, committed 9280K, reserved 1048576K
}
Event: 1130683.014 GC heap before
{Heap before GC invocations=4942 (full 9):
 PSYoungGen      total 3072K, used 2680K [0x00000000d5580000, 0x00000000d5b80000, 0x0000000100000000)
  eden space 1536K, 100% used [0x00000000d5580000,0x00000000d5700000,0x00000000d5700000)
  from space 1536K, 74% used [0x00000000d5700000,0x00000000d581e000,0x00000000d5880000)
  to   space 2048K, 0% used [0x00000000d5980000,0x00000000d5980000,0x00000000d5b80000)
 ParOldGen       total 1040896K, used 1040457K [0x0000000080000000, 0x00000000bf880000, 0x00000000d5580000)
  object space 1040896K, 99% used [0x0000000080000000,0x00000000bf8125f8,0x00000000bf880000)
 Metaspace       used 86326K, committed 87872K, reserved 1179648K
  class space    used 8563K, committed 9280K, reserved 1048576K
}
Event: 1130683.016 GC heap after
{Heap after GC invocations=4942 (full 9):
 PSYoungGen      total 3584K, used 1200K [0x00000000d5580000, 0x00000000d5b00000, 0x0000000100000000)
  eden space 2048K, 0% used [0x00000000d5580000,0x00000000d5580000,0x00000000d5780000)
  from space 1536K, 78% used [0x00000000d5980000,0x00000000d5aac000,0x00000000d5b00000)
  to   space 1536K, 0% used [0x00000000d5800000,0x00000000d5800000,0x00000000d5980000)
 ParOldGen       total 1041408K, used 1041145K [0x0000000080000000, 0x00000000bf900000, 0x00000000d5580000)
  object space 1041408K, 99% used [0x0000000080000000,0x00000000bf8be5f8,0x00000000bf900000)
 Metaspace       used 86326K, committed 87872K, reserved 1179648K
  class space    used 8563K, committed 9280K, reserved 1048576K
}
Event: 1130683.023 GC heap before
{Heap before GC invocations=4943 (full 9):
 PSYoungGen      total 3584K, used 3247K [0x00000000d5580000, 0x00000000d5b00000, 0x0000000100000000)
  eden space 2048K, 99% used [0x00000000d5580000,0x00000000d577fff8,0x00000000d5780000)
  from space 1536K, 78% used [0x00000000d5980000,0x00000000d5aac000,0x00000000d5b00000)
  to   space 1536K, 0% used [0x00000000d5800000,0x00000000d5800000,0x00000000d5980000)
 ParOldGen       total 1041408K, used 1041145K [0x0000000080000000, 0x00000000bf900000, 0x00000000d5580000)
  object space 1041408K, 99% used [0x0000000080000000,0x00000000bf8be5f8,0x00000000bf900000)
 Metaspace       used 86326K, committed 87872K, reserved 1179648K
  class space    used 8563K, committed 9280K, reserved 1048576K
}
Event: 1130683.025 GC heap after
{Heap after GC invocations=4943 (full 9):
 PSYoungGen      total 4096K, used 1504K [0x00000000d5580000, 0x00000000d5d00000, 0x0000000100000000)
  eden space 2560K, 0% used [0x00000000d5580000,0x00000000d5580000,0x00000000d5800000)
  from space 1536K, 97% used [0x00000000d5800000,0x00000000d5978020,0x00000000d5980000)
  to   space 2560K, 0% used [0x00000000d5a80000,0x00000000d5a80000,0x00000000d5d00000)
 ParOldGen       total 1041920K, used 1041881K [0x0000000080000000, 0x00000000bf980000, 0x00000000d5580000)
  object space 1041920K, 99% used [0x0000000080000000,0x00000000bf9765f8,0x00000000bf980000)
 Metaspace       used 86326K, committed 87872K, reserved 1179648K
  class space    used 8563K, committed 9280K, reserved 1048576K
}
Event: 1130683.039 GC heap before
{Heap before GC invocations=4944 (full 9):
 PSYoungGen      total 4096K, used 4064K [0x00000000d5580000, 0x00000000d5d00000, 0x0000000100000000)
  eden space 2560K, 100% used [0x00000000d5580000,0x00000000d5800000,0x00000000d5800000)
  from space 1536K, 97% used [0x00000000d5800000,0x00000000d5978020,0x00000000d5980000)
  to   space 2560K, 0% used [0x00000000d5a80000,0x00000000d5a80000,0x00000000d5d00000)
 ParOldGen       total 1041920K, used 1041881K [0x0000000080000000, 0x00000000bf980000, 0x00000000d5580000)
  object space 1041920K, 99% used [0x0000000080000000,0x00000000bf9765f8,0x00000000bf980000)
 Metaspace       used 86326K, committed 87872K, reserved 1179648K
  class space    used 8563K, committed 9280K, reserved 1048576K
}
Event: 1130683.045 GC heap after
{Heap after GC invocations=4944 (full 9):
 PSYoungGen      total 4096K, used 640K [0x00000000d5580000, 0x00000000d5b80000, 0x0000000100000000)
  eden space 3072K, 0% used [0x00000000d5580000,0x00000000d5580000,0x00000000d5880000)
  from space 1024K, 62% used [0x00000000d5a80000,0x00000000d5b20000,0x00000000d5b80000)
  to   space 1536K, 0% used [0x00000000d5880000,0x00000000d5880000,0x00000000d5a00000)
 ParOldGen       total 1043456K, used 1043313K [0x0000000080000000, 0x00000000bfb00000, 0x00000000d5580000)
  object space 1043456K, 99% used [0x0000000080000000,0x00000000bfadc618,0x00000000bfb00000)
 Metaspace       used 86326K, committed 87872K, reserved 1179648K
  class space    used 8563K, committed 9280K, reserved 1048576K
}
Event: 1130683.054 GC heap before
{Heap before GC invocations=4945 (full 9):
 PSYoungGen      total 4096K, used 3712K [0x00000000d5580000, 0x00000000d5b80000, 0x0000000100000000)
  eden space 3072K, 100% used [0x00000000d5580000,0x00000000d5880000,0x00000000d5880000)
  from space 1024K, 62% used [0x00000000d5a80000,0x00000000d5b20000,0x00000000d5b80000)
  to   space 1536K, 0% used [0x00000000d5880000,0x00000000d5880000,0x00000000d5a00000)
 ParOldGen       total 1043456K, used 1043313K [0x0000000080000000, 0x00000000bfb00000, 0x00000000d5580000)
  object space 1043456K, 99% used [0x0000000080000000,0x00000000bfadc618,0x00000000bfb00000)
 Metaspace       used 86326K, committed 87872K, reserved 1179648K
  class space    used 8563K, committed 9280K, reserved 1048576K
}
Event: 1130683.071 GC heap after
{Heap after GC invocations=4945 (full 9):
 PSYoungGen      total 4608K, used 352K [0x00000000d5580000, 0x00000000d5b80000, 0x0000000100000000)
  eden space 3072K, 0% used [0x00000000d5580000,0x00000000d5580000,0x00000000d5880000)
  from space 1536K, 22% used [0x00000000d5880000,0x00000000d58d8000,0x00000000d5a00000)
  to   space 1024K, 0% used [0x00000000d5a80000,0x00000000d5a80000,0x00000000d5b80000)
 ParOldGen       total 1043968K, used 1043729K [0x0000000080000000, 0x00000000bfb80000, 0x00000000d5580000)
  object space 1043968K, 99% used [0x0000000080000000,0x00000000bfb44638,0x00000000bfb80000)
 Metaspace       used 86326K, committed 87872K, reserved 1179648K
  class space    used 8563K, committed 9280K, reserved 1048576K
}
Event: 1185946.610 GC heap before
{Heap before GC invocations=4946 (full 9):
 PSYoungGen      total 4608K, used 3424K [0x00000000d5580000, 0x00000000d5b80000, 0x0000000100000000)
  eden space 3072K, 100% used [0x00000000d5580000,0x00000000d5880000,0x00000000d5880000)
  from space 1536K, 22% used [0x00000000d5880000,0x00000000d58d8000,0x00000000d5a00000)
  to   space 1024K, 0% used [0x00000000d5a80000,0x00000000d5a80000,0x00000000d5b80000)
 ParOldGen       total 1043968K, used 1043729K [0x0000000080000000, 0x00000000bfb80000, 0x00000000d5580000)
  object space 1043968K, 99% used [0x0000000080000000,0x00000000bfb44638,0x00000000bfb80000)
 Metaspace       used 86331K, committed 87872K, reserved 1179648K
  class space    used 8563K, committed 9280K, reserved 1048576K
}
Event: 1185946.781 GC heap after
{Heap after GC invocations=4946 (full 9):
 PSYoungGen      total 4608K, used 416K [0x00000000d5580000, 0x00000000d5b00000, 0x0000000100000000)
  eden space 4096K, 0% used [0x00000000d5580000,0x00000000d5580000,0x00000000d5980000)
  from space 512K, 81% used [0x00000000d5a80000,0x00000000d5ae8000,0x00000000d5b00000)
  to   space 512K, 0% used [0x00000000d5a00000,0x00000000d5a00000,0x00000000d5a80000)
 ParOldGen       total 1044480K, used 1043995K [0x0000000080000000, 0x00000000bfc00000, 0x00000000d5580000)
  object space 1044480K, 99% used [0x0000000080000000,0x00000000bfb86eb0,0x00000000bfc00000)
 Metaspace       used 86331K, committed 87872K, reserved 1179648K
  class space    used 8563K, committed 9280K, reserved 1048576K
}

